\BOOKMARK [1][-]{section.1}{Introduction}{}% 1
\BOOKMARK [2][-]{subsection.1.1}{Problem Domain}{section.1}% 2
\BOOKMARK [2][-]{subsection.1.2}{Features}{section.1}% 3
\BOOKMARK [3][-]{subsubsection.1.2.1}{Additional Features}{subsection.1.2}% 4
\BOOKMARK [2][-]{subsection.1.3}{Features Overview}{section.1}% 5
\BOOKMARK [3][-]{subsubsection.1.3.1}{Play against human or computer}{subsection.1.3}% 6
\BOOKMARK [3][-]{subsubsection.1.3.2}{Undo/Redo}{subsection.1.3}% 7
\BOOKMARK [3][-]{subsubsection.1.3.3}{Watch previous game}{subsection.1.3}% 8
\BOOKMARK [3][-]{subsubsection.1.3.4}{AI}{subsection.1.3}% 9
\BOOKMARK [3][-]{subsubsection.1.3.5}{Player name}{subsection.1.3}% 10
\BOOKMARK [3][-]{subsubsection.1.3.6}{Player score}{subsection.1.3}% 11
\BOOKMARK [3][-]{subsubsection.1.3.7}{Player scoreboard}{subsection.1.3}% 12
\BOOKMARK [3][-]{subsubsection.1.3.8}{Player turn counter}{subsection.1.3}% 13
\BOOKMARK [1][-]{section.2}{Design}{}% 14
\BOOKMARK [2][-]{subsection.2.1}{Planning Stage}{section.2}% 15
\BOOKMARK [2][-]{subsection.2.2}{Implementation}{section.2}% 16
\BOOKMARK [3][-]{subsubsection.2.2.1}{Data Structures Used}{subsection.2.2}% 17
\BOOKMARK [3][-]{subsubsection.2.2.2}{Gameboard}{subsection.2.2}% 18
\BOOKMARK [3][-]{subsubsection.2.2.3}{Player Moves}{subsection.2.2}% 19
\BOOKMARK [3][-]{subsubsection.2.2.4}{Force Moves}{subsection.2.2}% 20
\BOOKMARK [3][-]{subsubsection.2.2.5}{User friendly UI}{subsection.2.2}% 21
\BOOKMARK [3][-]{subsubsection.2.2.6}{Undo/redo}{subsection.2.2}% 22
\BOOKMARK [3][-]{subsubsection.2.2.7}{Watch Replay}{subsection.2.2}% 23
\BOOKMARK [3][-]{subsubsection.2.2.8}{AI Player}{subsection.2.2}% 24
\BOOKMARK [3][-]{subsubsection.2.2.9}{Leaderboard}{subsection.2.2}% 25
\BOOKMARK [1][-]{section.3}{Enhancements}{}% 26
\BOOKMARK [2][-]{subsection.3.1}{Features to Add}{section.3}% 27
\BOOKMARK [3][-]{subsubsection.3.1.1}{More Versions of Checkers}{subsection.3.1}% 28
\BOOKMARK [3][-]{subsubsection.3.1.2}{Save/Load Game}{subsection.3.1}% 29
\BOOKMARK [3][-]{subsubsection.3.1.3}{AI levels}{subsection.3.1}% 30
\BOOKMARK [2][-]{subsection.3.2}{Improvements to Features}{section.3}% 31
\BOOKMARK [3][-]{subsubsection.3.2.1}{Better User Prompts}{subsection.3.2}% 32
\BOOKMARK [3][-]{subsubsection.3.2.2}{Moves combo}{subsection.3.2}% 33
\BOOKMARK [3][-]{subsubsection.3.2.3}{Player Movement}{subsection.3.2}% 34
\BOOKMARK [3][-]{subsubsection.3.2.4}{Game Logic}{subsection.3.2}% 35
\BOOKMARK [3][-]{subsubsection.3.2.5}{Neural Network AI}{subsection.3.2}% 36
\BOOKMARK [3][-]{subsubsection.3.2.6}{GUI}{subsection.3.2}% 37
\BOOKMARK [1][-]{section.4}{Critical Evaluation}{}% 38
\BOOKMARK [2][-]{subsection.4.1}{Worked Well}{section.4}% 39
\BOOKMARK [3][-]{subsubsection.4.1.1}{AI Player}{subsection.4.1}% 40
\BOOKMARK [3][-]{subsubsection.4.1.2}{Undo/Redo Move}{subsection.4.1}% 41
\BOOKMARK [3][-]{subsubsection.4.1.3}{Watch Replay}{subsection.4.1}% 42
\BOOKMARK [2][-]{subsection.4.2}{Could Be Improved}{section.4}% 43
\BOOKMARK [3][-]{subsubsection.4.2.1}{Player Movement}{subsection.4.2}% 44
\BOOKMARK [3][-]{subsubsection.4.2.2}{Game Logic}{subsection.4.2}% 45
\BOOKMARK [3][-]{subsubsection.4.2.3}{User Input Validation}{subsection.4.2}% 46
\BOOKMARK [3][-]{subsubsection.4.2.4}{Leaderboard}{subsection.4.2}% 47
\BOOKMARK [1][-]{section.5}{Personal Evaluation}{}% 48
\BOOKMARK [2][-]{subsection.5.1}{What was Learnt}{section.5}% 49
\BOOKMARK [3][-]{subsubsection.5.1.1}{Preplanning}{subsection.5.1}% 50
\BOOKMARK [3][-]{subsubsection.5.1.2}{Data structures}{subsection.5.1}% 51
\BOOKMARK [3][-]{subsubsection.5.1.3}{Algorithm Impact}{subsection.5.1}% 52
\BOOKMARK [3][-]{subsubsection.5.1.4}{Using GIT}{subsection.5.1}% 53
\BOOKMARK [2][-]{subsection.5.2}{Challenges Faced}{section.5}% 54
\BOOKMARK [3][-]{subsubsection.5.2.1}{AI}{subsection.5.2}% 55
\BOOKMARK [3][-]{subsubsection.5.2.2}{Game Logic}{subsection.5.2}% 56
\BOOKMARK [3][-]{subsubsection.5.2.3}{Watch Replay}{subsection.5.2}% 57
\BOOKMARK [3][-]{subsubsection.5.2.4}{Undo/Redo}{subsection.5.2}% 58
\BOOKMARK [3][-]{subsubsection.5.2.5}{Game Timer}{subsection.5.2}% 59
\BOOKMARK [2][-]{subsection.5.3}{Overall Performance}{section.5}% 60
\BOOKMARK [3][-]{subsubsection.5.3.1}{Data structures Chosen}{subsection.5.3}% 61
\BOOKMARK [3][-]{subsubsection.5.3.2}{implemented Features}{subsection.5.3}% 62
\BOOKMARK [1][-]{section.6}{References}{}% 63
